<?xml version="1.0" encoding="UTF-8"?>
<!-- Generated by org.testng.reporters.JUnitReportReporter -->
<testsuite skipped="0" hostname="nkp-PC" name="com.apple.testcases.LoginTestScenario" tests="3" failures="0" timestamp="19 Feb 2018 20:27:49 GMT" time="55.006" errors="0">
  <testcase name="LoginTest" time="17.749" classname="com.apple.testcases.LoginTestScenario"/>
  <testcase name="LoginTest" time="18.253" classname="com.apple.testcases.LoginTestScenario"/>
  <testcase name="LoginTest" time="19.004" classname="com.apple.testcases.LoginTestScenario"/>
</testsuite> <!-- com.apple.testcases.LoginTestScenario -->
