<?xml version="1.0" encoding="UTF-8"?>
<!-- Generated by org.testng.reporters.JUnitReportReporter -->
<testsuite skipped="0" hostname="nkp-PC" name="com.apple.testcases.HomePageTest" tests="3" failures="0" timestamp="19 Feb 2018 16:18:56 GMT" time="5.443" errors="0">
  <testcase name="homePageTitleTest" time="0.011" classname="com.apple.testcases.HomePageTest"/>
  <testcase name="clickOnBagIconTest" time="0.174" classname="com.apple.testcases.HomePageTest"/>
  <testcase name="clickOnSignInLinkTest" time="5.258" classname="com.apple.testcases.HomePageTest"/>
</testsuite> <!-- com.apple.testcases.HomePageTest -->
