<?xml version="1.0" encoding="UTF-8"?>
<!-- Generated by org.testng.reporters.JUnitReportReporter -->
<testsuite skipped="0" hostname="nkp-PC" name="com.apple.testcases.LoginPageTest" tests="1" failures="0" timestamp="19 Feb 2018 16:58:15 GMT" time="14.532" errors="0">
  <testcase name="loginPageTitleTest" time="14.532" classname="com.apple.testcases.LoginPageTest"/>
</testsuite> <!-- com.apple.testcases.LoginPageTest -->
