<?xml version="1.0" encoding="UTF-8"?>
<!-- Generated by org.testng.reporters.JUnitReportReporter -->
<testsuite skipped="0" hostname="nkp-PC" name="com.apple.testcases.Scenario" tests="6" failures="0" timestamp="19 Feb 2018 19:18:26 GMT" time="102.682" errors="0">
  <testcase name="UserCredentialsCheckingTest" time="19.004" classname="com.apple.testcases.Scenario"/>
  <testcase name="UserCredentialsCheckingTest" time="14.209" classname="com.apple.testcases.Scenario"/>
  <testcase name="UserCredentialsCheckingTest" time="15.233" classname="com.apple.testcases.Scenario"/>
  <testcase name="UserCredentialsCheckingTest" time="20.638" classname="com.apple.testcases.Scenario"/>
  <testcase name="UserCredentialsCheckingTest" time="18.912" classname="com.apple.testcases.Scenario"/>
  <testcase name="UserCredentialsCheckingTest" time="14.686" classname="com.apple.testcases.Scenario"/>
</testsuite> <!-- com.apple.testcases.Scenario -->
